
> @proj-airi/i18n@ build D:\AiPorject\Juju\airi-0.9.0-alpha.1\packages\i18n
> tsdown

[34mℹ[39m tsdown [2mv0.20.3[22m powered by rolldown [2mv1.0.0-rc.3[22m
[34mℹ[39m config file: [4mD:\AiPorject\Juju\airi-0.9.0-alpha.1\packages\i18n\tsdown.config.ts[24m 
[34mℹ[39m entry: [34msrc\index.ts, src\locales\index.ts, src\locales\en\index.ts, src\locales\zh-Hans\index.ts[39m
[34mℹ[39m tsconfig: [34mtsconfig.json[39m
[34mℹ[39m Build start
[34mℹ[39m [2mdist\[22m[1mlocales\index.mjs[22m                              [2m 0.68 kB[22m [2m│ gzip:  0.24 kB[22m
[33m[PLUGIN_TIMINGS] Warning:[0m Your build spent significant time in plugins. Here is a breakdown:
[34mℹ[39m [2mdist\[22m[1mlocales\zh-Hans\index.mjs[22m                      [2m 0.42 kB[22m [2m│ gzip:  0.21 kB[22m
  - rolldown-plugin-dts:generate (72%)
  - unplugin-yaml (20%)
[34mℹ[39m [2mdist\[22m[1mlocales\en\index.mjs[22m                           [2m 0.41 kB[22m [2m│ gzip:  0.20 kB[22m
[34mℹ[39m [2mdist\[22m[1mindex.mjs[22m                                      [2m 0.25 kB[22m [2m│ gzip:  0.22 kB[22m
[34mℹ[39m [2mdist\[22mlocales\ja\settings.mjs                        [2m43.80 kB[22m [2m│ gzip: 12.42 kB[22m
[34mℹ[39m [2mdist\[22mlocales\ru\settings.mjs                        [2m43.49 kB[22m [2m│ gzip: 12.35 kB[22m
[34mℹ[39m [2mdist\[22mlocales\ko\settings.mjs                        [2m40.97 kB[22m [2m│ gzip: 12.26 kB[22m
[34mℹ[39m [2mdist\[22mlocales\es\settings.mjs                        [2m39.62 kB[22m [2m│ gzip: 11.43 kB[22m
[34mℹ[39m [2mdist\[22mlocales\fr\settings.mjs                        [2m39.22 kB[22m [2m│ gzip: 11.35 kB[22m
[34mℹ[39m [2mdist\[22mlocales\vi\settings.mjs                        [2m39.18 kB[22m [2m│ gzip: 11.35 kB[22m
[34mℹ[39m [2mdist\[22mlocales\zh-Hant\settings.mjs                   [2m37.44 kB[22m [2m│ gzip: 12.14 kB[22m
[34mℹ[39m [2mdist\[22mlocales\en\settings.mjs                        [2m37.33 kB[22m [2m│ gzip: 10.42 kB[22m
[34mℹ[39m [2mdist\[22mlocales\zh-Hans\settings.mjs                   [2m36.95 kB[22m [2m│ gzip: 12.01 kB[22m
[34mℹ[39m [2mdist\[22mlocales\ru\base.mjs                            [2m 4.39 kB[22m [2m│ gzip:  1.96 kB[22m
[34mℹ[39m [2mdist\[22mlocales\ja\base.mjs                            [2m 3.61 kB[22m [2m│ gzip:  1.87 kB[22m
See https://rolldown.rs/options/checks#plugintimings for more details.
[34mℹ[39m [2mdist\[22mlocales\vi\base.mjs                            [2m 3.52 kB[22m [2m│ gzip:  1.72 kB[22m

[34mℹ[39m [2mdist\[22mlocales\ko\base.mjs                            [2m 3.08 kB[22m [2m│ gzip:  1.73 kB[22m
[34mℹ[39m [2mdist\[22mlocales\fr\base.mjs                            [2m 3.01 kB[22m [2m│ gzip:  1.57 kB[22m
[34mℹ[39m [2mdist\[22mlocales\es\base.mjs                            [2m 2.91 kB[22m [2m│ gzip:  1.51 kB[22m
[34mℹ[39m [2mdist\[22mlocales\ja\tamagotchi\settings.mjs             [2m 2.75 kB[22m [2m│ gzip:  1.31 kB[22m
[34mℹ[39m [2mdist\[22mlocales\zh-Hant\base.mjs                       [2m 2.74 kB[22m [2m│ gzip:  1.76 kB[22m
[34mℹ[39m [2mdist\[22mlocales\zh-Hans\base.mjs                       [2m 2.71 kB[22m [2m│ gzip:  1.72 kB[22m
[34mℹ[39m [2mdist\[22mlocales\en\base.mjs                            [2m 2.61 kB[22m [2m│ gzip:  1.34 kB[22m
[34mℹ[39m [2mdist\[22mlocales\ru\tamagotchi\settings.mjs             [2m 2.58 kB[22m [2m│ gzip:  1.23 kB[22m
[34mℹ[39m [2mdist\[22mlocales\ko\tamagotchi\settings.mjs             [2m 2.40 kB[22m [2m│ gzip:  1.26 kB[22m
[34mℹ[39m [2mdist\[22mlocales\es\tamagotchi\settings.mjs             [2m 2.39 kB[22m [2m│ gzip:  1.07 kB[22m
[34mℹ[39m [2mdist\[22mlocales\fr\tamagotchi\settings.mjs             [2m 2.30 kB[22m [2m│ gzip:  1.04 kB[22m
[34mℹ[39m [2mdist\[22mlocales\vi\tamagotchi\settings.mjs             [2m 2.30 kB[22m [2m│ gzip:  1.11 kB[22m
[34mℹ[39m [2mdist\[22mlocales\en\tamagotchi\settings.mjs             [2m 2.16 kB[22m [2m│ gzip:  0.95 kB[22m
[34mℹ[39m [2mdist\[22mlocales\zh-Hant\tamagotchi\settings.mjs        [2m 2.11 kB[22m [2m│ gzip:  1.20 kB[22m
[34mℹ[39m [2mdist\[22mlocales\zh-Hans\tamagotchi\settings.mjs        [2m 2.10 kB[22m [2m│ gzip:  1.18 kB[22m
[34mℹ[39m [2mdist\[22mlocales\ru\tamagotchi\stage.mjs                [2m 1.86 kB[22m [2m│ gzip:  0.94 kB[22m
[34mℹ[39m [2mdist\[22mlocales\ja\tamagotchi\stage.mjs                [2m 1.81 kB[22m [2m│ gzip:  1.01 kB[22m
[34mℹ[39m [2mdist\[22mlocales\ru\docs\theme.mjs                      [2m 1.70 kB[22m [2m│ gzip:  0.85 kB[22m
[34mℹ[39m [2mdist\[22mlocales\ko\tamagotchi\stage.mjs                [2m 1.64 kB[22m [2m│ gzip:  0.97 kB[22m
[34mℹ[39m [2mdist\[22mlocales\vi\tamagotchi\stage.mjs                [2m 1.54 kB[22m [2m│ gzip:  0.83 kB[22m
[34mℹ[39m [2mdist\[22mlocales\es\tamagotchi\stage.mjs                [2m 1.53 kB[22m [2m│ gzip:  0.77 kB[22m
[34mℹ[39m [2mdist\[22mlocales\fr\tamagotchi\stage.mjs                [2m 1.53 kB[22m [2m│ gzip:  0.80 kB[22m
[34mℹ[39m [2mdist\[22mlocales\ja\docs\theme.mjs                      [2m 1.49 kB[22m [2m│ gzip:  0.82 kB[22m
[34mℹ[39m [2mdist\[22mlocales\en\tamagotchi\stage.mjs                [2m 1.47 kB[22m [2m│ gzip:  0.72 kB[22m
[34mℹ[39m [2mdist\[22mlocales\vi\docs\theme.mjs                      [2m 1.47 kB[22m [2m│ gzip:  0.78 kB[22m
[34mℹ[39m [2mdist\[22mlocales\ko\docs\theme.mjs                      [2m 1.43 kB[22m [2m│ gzip:  0.81 kB[22m
[34mℹ[39m [2mdist\[22mlocales\zh-Hans\tamagotchi\stage.mjs           [2m 1.43 kB[22m [2m│ gzip:  0.89 kB[22m
[34mℹ[39m [2mdist\[22mlocales\zh-Hant\tamagotchi\stage.mjs           [2m 1.42 kB[22m [2m│ gzip:  0.88 kB[22m
[34mℹ[39m [2mdist\[22mlocales\es\docs\theme.mjs                      [2m 1.38 kB[22m [2m│ gzip:  0.67 kB[22m
[34mℹ[39m [2mdist\[22mlocales\fr\docs\theme.mjs                      [2m 1.38 kB[22m [2m│ gzip:  0.68 kB[22m
[34mℹ[39m [2mdist\[22mlocales\zh-Hant\docs\theme.mjs                 [2m 1.34 kB[22m [2m│ gzip:  0.80 kB[22m
[34mℹ[39m [2mdist\[22mlocales\zh-Hans\docs\theme.mjs                 [2m 1.33 kB[22m [2m│ gzip:  0.80 kB[22m
[34mℹ[39m [2mdist\[22mlocales\ja\docs\versions.mjs                   [2m 1.33 kB[22m [2m│ gzip:  0.66 kB[22m
[34mℹ[39m [2mdist\[22mlocales\en\docs\theme.mjs                      [2m 1.31 kB[22m [2m│ gzip:  0.60 kB[22m
[34mℹ[39m [2mdist\[22mlocales\ko\docs\versions.mjs                   [2m 1.23 kB[22m [2m│ gzip:  0.67 kB[22m
[34mℹ[39m [2mdist\[22mlocales\ru\stage.mjs                           [2m 1.15 kB[22m [2m│ gzip:  0.65 kB[22m
[34mℹ[39m [2mdist\[22mlocales\en\docs\versions.mjs                   [2m 1.10 kB[22m [2m│ gzip:  0.49 kB[22m
[34mℹ[39m [2mdist\[22mlocales\zh-Hans\docs\versions.mjs              [2m 1.06 kB[22m [2m│ gzip:  0.59 kB[22m
[34mℹ[39m [2mdist\[22mlocales\zh-Hant\docs\versions.mjs              [2m 1.04 kB[22m [2m│ gzip:  0.57 kB[22m
[34mℹ[39m [2mdist\[22mlocales\vi\stage.mjs                           [2m 1.04 kB[22m [2m│ gzip:  0.63 kB[22m
[34mℹ[39m [2mdist\[22mlocales\ja\stage.mjs                           [2m 1.03 kB[22m [2m│ gzip:  0.64 kB[22m
[34mℹ[39m [2mdist\[22mlocales\fr\stage.mjs                           [2m 1.01 kB[22m [2m│ gzip:  0.56 kB[22m
[34mℹ[39m [2mdist\[22mlocales\zh-Hans\stage.mjs                      [2m 0.97 kB[22m [2m│ gzip:  0.60 kB[22m
[34mℹ[39m [2mdist\[22mlocales\zh-Hant\stage.mjs                      [2m 0.97 kB[22m [2m│ gzip:  0.61 kB[22m
[34mℹ[39m [2mdist\[22mlocales\es\stage.mjs                           [2m 0.97 kB[22m [2m│ gzip:  0.54 kB[22m
[34mℹ[39m [2mdist\[22mlocales\en\stage.mjs                           [2m 0.93 kB[22m [2m│ gzip:  0.49 kB[22m
[34mℹ[39m [2mdist\[22mlocales\ko\stage.mjs                           [2m 0.93 kB[22m [2m│ gzip:  0.58 kB[22m
[34mℹ[39m [2mdist\[22mlocales\zh-Hant\tamagotchi\electron\tray.mjs   [2m 0.87 kB[22m [2m│ gzip:  0.45 kB[22m
[34mℹ[39m [2mdist\[22mlocales\en\tamagotchi\electron\tray.mjs        [2m 0.86 kB[22m [2m│ gzip:  0.44 kB[22m
[34mℹ[39m [2mdist\[22mlocales\es\tamagotchi\electron\tray.mjs        [2m 0.86 kB[22m [2m│ gzip:  0.44 kB[22m
[34mℹ[39m [2mdist\[22mlocales\fr\tamagotchi\electron\tray.mjs        [2m 0.86 kB[22m [2m│ gzip:  0.44 kB[22m
[34mℹ[39m [2mdist\[22mlocales\ja\tamagotchi\electron\tray.mjs        [2m 0.86 kB[22m [2m│ gzip:  0.45 kB[22m
[34mℹ[39m [2mdist\[22mlocales\ko\tamagotchi\electron\tray.mjs        [2m 0.86 kB[22m [2m│ gzip:  0.45 kB[22m
[34mℹ[39m [2mdist\[22mlocales\ru\tamagotchi\electron\tray.mjs        [2m 0.86 kB[22m [2m│ gzip:  0.44 kB[22m
[34mℹ[39m [2mdist\[22mlocales\vi\tamagotchi\electron\tray.mjs        [2m 0.86 kB[22m [2m│ gzip:  0.44 kB[22m
[34mℹ[39m [2mdist\[22mlocales\zh-Hans\tamagotchi\electron\tray.mjs   [2m 0.86 kB[22m [2m│ gzip:  0.56 kB[22m
[34mℹ[39m [2mdist\[22mlocales\zh-Hant\index.mjs                      [2m 0.42 kB[22m [2m│ gzip:  0.21 kB[22m
[34mℹ[39m [2mdist\[22mlocales\es\index.mjs                           [2m 0.41 kB[22m [2m│ gzip:  0.20 kB[22m
[34mℹ[39m [2mdist\[22mlocales\fr\index.mjs                           [2m 0.41 kB[22m [2m│ gzip:  0.20 kB[22m
[34mℹ[39m [2mdist\[22mlocales\ja\index.mjs                           [2m 0.41 kB[22m [2m│ gzip:  0.20 kB[22m
[34mℹ[39m [2mdist\[22mlocales\ko\index.mjs                           [2m 0.41 kB[22m [2m│ gzip:  0.20 kB[22m
[34mℹ[39m [2mdist\[22mlocales\ru\index.mjs                           [2m 0.41 kB[22m [2m│ gzip:  0.20 kB[22m
[34mℹ[39m [2mdist\[22mlocales\vi\index.mjs                           [2m 0.41 kB[22m [2m│ gzip:  0.20 kB[22m
[34mℹ[39m [2mdist\[22mlocales\zh-Hans\tamagotchi\index.mjs           [2m 0.32 kB[22m [2m│ gzip:  0.18 kB[22m
[34mℹ[39m [2mdist\[22mlocales\zh-Hant\tamagotchi\index.mjs           [2m 0.32 kB[22m [2m│ gzip:  0.18 kB[22m
[34mℹ[39m [2mdist\[22mlocales\en\tamagotchi\index.mjs                [2m 0.31 kB[22m [2m│ gzip:  0.18 kB[22m
[34mℹ[39m [2mdist\[22mlocales\es\tamagotchi\index.mjs                [2m 0.31 kB[22m [2m│ gzip:  0.18 kB[22m
[34mℹ[39m [2mdist\[22mlocales\fr\tamagotchi\index.mjs                [2m 0.31 kB[22m [2m│ gzip:  0.18 kB[22m
[34mℹ[39m [2mdist\[22mlocales\ja\tamagotchi\index.mjs                [2m 0.31 kB[22m [2m│ gzip:  0.18 kB[22m
[34mℹ[39m [2mdist\[22mlocales\ko\tamagotchi\index.mjs                [2m 0.31 kB[22m [2m│ gzip:  0.18 kB[22m
[34mℹ[39m [2mdist\[22mlocales\ru\tamagotchi\index.mjs                [2m 0.31 kB[22m [2m│ gzip:  0.18 kB[22m
[34mℹ[39m [2mdist\[22mlocales\vi\tamagotchi\index.mjs                [2m 0.31 kB[22m [2m│ gzip:  0.18 kB[22m
[34mℹ[39m [2mdist\[22mlocales\zh-Hans\docs\index.mjs                 [2m 0.22 kB[22m [2m│ gzip:  0.16 kB[22m
[34mℹ[39m [2mdist\[22mlocales\zh-Hant\docs\index.mjs                 [2m 0.22 kB[22m [2m│ gzip:  0.16 kB[22m
[34mℹ[39m [2mdist\[22mlocales\en\docs\index.mjs                      [2m 0.21 kB[22m [2m│ gzip:  0.15 kB[22m
[34mℹ[39m [2mdist\[22mlocales\ja\docs\index.mjs                      [2m 0.21 kB[22m [2m│ gzip:  0.16 kB[22m
[34mℹ[39m [2mdist\[22mlocales\ko\docs\index.mjs                      [2m 0.21 kB[22m [2m│ gzip:  0.16 kB[22m
[34mℹ[39m [2mdist\[22mlocales\zh-Hans\tamagotchi\electron\index.mjs  [2m 0.18 kB[22m [2m│ gzip:  0.15 kB[22m
[34mℹ[39m [2mdist\[22mlocales\zh-Hant\tamagotchi\electron\index.mjs  [2m 0.18 kB[22m [2m│ gzip:  0.15 kB[22m
[34mℹ[39m [2mdist\[22mlocales\en\tamagotchi\electron\index.mjs       [2m 0.18 kB[22m [2m│ gzip:  0.14 kB[22m
[34mℹ[39m [2mdist\[22mlocales\es\tamagotchi\electron\index.mjs       [2m 0.18 kB[22m [2m│ gzip:  0.14 kB[22m
[34mℹ[39m [2mdist\[22mlocales\fr\tamagotchi\electron\index.mjs       [2m 0.18 kB[22m [2m│ gzip:  0.14 kB[22m
[34mℹ[39m [2mdist\[22mlocales\ja\tamagotchi\electron\index.mjs       [2m 0.18 kB[22m [2m│ gzip:  0.14 kB[22m
[34mℹ[39m [2mdist\[22mlocales\ko\tamagotchi\electron\index.mjs       [2m 0.18 kB[22m [2m│ gzip:  0.14 kB[22m
[34mℹ[39m [2mdist\[22mlocales\ru\tamagotchi\electron\index.mjs       [2m 0.18 kB[22m [2m│ gzip:  0.14 kB[22m
[34mℹ[39m [2mdist\[22mlocales\vi\tamagotchi\electron\index.mjs       [2m 0.18 kB[22m [2m│ gzip:  0.14 kB[22m
[34mℹ[39m [2mdist\[22mlocales\es\docs\index.mjs                      [2m 0.16 kB[22m [2m│ gzip:  0.13 kB[22m
[34mℹ[39m [2mdist\[22mlocales\fr\docs\index.mjs                      [2m 0.16 kB[22m [2m│ gzip:  0.13 kB[22m
[34mℹ[39m [2mdist\[22mlocales\ru\docs\index.mjs                      [2m 0.16 kB[22m [2m│ gzip:  0.13 kB[22m
[34mℹ[39m [2mdist\[22mlocales\vi\docs\index.mjs                      [2m 0.16 kB[22m [2m│ gzip:  0.13 kB[22m
[34mℹ[39m [2mdist\[22m[32m[1mlocales\index.d.mts[22m[39m                            [2m 3.48 kB[22m [2m│ gzip:  0.27 kB[22m
[34mℹ[39m [2mdist\[22m[32m[1mlocales\zh-Hans\index.d.mts[22m[39m                    [2m 0.46 kB[22m [2m│ gzip:  0.20 kB[22m
[34mℹ[39m [2mdist\[22m[32m[1mlocales\en\index.d.mts[22m[39m                         [2m 0.46 kB[22m [2m│ gzip:  0.20 kB[22m
[34mℹ[39m [2mdist\[22m[32m[1mindex.d.mts[22m[39m                                    [2m 0.20 kB[22m [2m│ gzip:  0.13 kB[22m
[34mℹ[39m 110 files, total: 472.63 kB
[32m✔[39m Build complete in [32m12323ms[39m
